This is pdfTeX, Version 3.141592653-2.6-1.40.26 (TeX Live 2024) (preloaded format=latex 2024.7.3)  25 MAR 2025 18:14
entering extended mode
 restricted \write18 enabled.
 Source specials enabled.
 %&-line parsing enabled.
**Heftcheckkarte.tex
(./Heftcheckkarte.tex
LaTeX2e <2023-11-01> patch level 1
L3 programming layer <2024-02-20>
(/usr/local/texlive/2024/texmf-dist/tex/latex/base/article.cls
Document Class: article 2023/05/17 v1.4n Standard LaTeX document class
(/usr/local/texlive/2024/texmf-dist/tex/latex/base/size12.clo
File: size12.clo 2023/05/17 v1.4n Standard LaTeX file (size option)
)
\c@part=\count188
\c@section=\count189
\c@subsection=\count190
\c@subsubsection=\count191
\c@paragraph=\count192
\c@subparagraph=\count193
\c@figure=\count194
\c@table=\count195
\abovecaptionskip=\skip48
\belowcaptionskip=\skip49
\bibindent=\dimen140
)
(/usr/local/texlive/2024/texmf-dist/tex/latex/geometry/geometry.sty
Package: geometry 2020/01/02 v5.9 Page Geometry

(/usr/local/texlive/2024/texmf-dist/tex/latex/graphics/keyval.sty
Package: keyval 2022/05/29 v1.15 key=value parser (DPC)
\KV@toks@=\toks17
)
(/usr/local/texlive/2024/texmf-dist/tex/generic/iftex/ifvtex.sty
Package: ifvtex 2019/10/25 v1.7 ifvtex legacy package. Use iftex instead.

(/usr/local/texlive/2024/texmf-dist/tex/generic/iftex/iftex.sty
Package: iftex 2022/02/03 v1.0f TeX engine tests
))
\Gm@cnth=\count196
\Gm@cntv=\count197
\c@Gm@tempcnt=\count198
\Gm@bindingoffset=\dimen141
\Gm@wd@mp=\dimen142
\Gm@odd@mp=\dimen143
\Gm@even@mp=\dimen144
\Gm@layoutwidth=\dimen145
\Gm@layoutheight=\dimen146
\Gm@layouthoffset=\dimen147
\Gm@layoutvoffset=\dimen148
\Gm@dimlist=\toks18
)
(/usr/local/texlive/2024/texmf-dist/tex/latex/base/inputenc.sty
Package: inputenc 2021/02/14 v1.3d Input encoding file
\inpenc@prehook=\toks19
\inpenc@posthook=\toks20
)
(/usr/local/texlive/2024/texmf-dist/tex/latex/base/fontenc.sty
Package: fontenc 2021/04/29 v2.0v Standard LaTeX package
)
(/usr/local/texlive/2024/texmf-dist/tex/latex/tools/array.sty
Package: array 2023/10/16 v2.5g Tabular extension package (FMi)
\col@sep=\dimen149
\ar@mcellbox=\box51
\extrarowheight=\dimen150
\NC@list=\toks21
\extratabsurround=\skip50
\backup@length=\skip51
\ar@cellbox=\box52
)
(/usr/local/texlive/2024/texmf-dist/tex/latex/xcolor/xcolor.sty
Package: xcolor 2023/11/15 v3.01 LaTeX color extensions (UK)

(/usr/local/texlive/2024/texmf-dist/tex/latex/graphics-cfg/color.cfg
File: color.cfg 2016/01/02 v1.6 sample color configuration
)
Package xcolor Info: Driver file: dvips.def on input line 274.

(/usr/local/texlive/2024/texmf-dist/tex/latex/graphics-def/dvips.def
File: dvips.def 2022/09/22 v3.1e Graphics/color driver for dvips
)
(/usr/local/texlive/2024/texmf-dist/tex/latex/graphics/mathcolor.ltx)
Package xcolor Info: Model `cmy' substituted by `cmy0' on input line 1350.
Package xcolor Info: Model `RGB' extended on input line 1366.
Package xcolor Info: Model `HTML' substituted by `rgb' on input line 1368.
Package xcolor Info: Model `Hsb' substituted by `hsb' on input line 1369.
Package xcolor Info: Model `tHsb' substituted by `hsb' on input line 1370.
Package xcolor Info: Model `HSB' substituted by `hsb' on input line 1371.
Package xcolor Info: Model `Gray' substituted by `gray' on input line 1372.
Package xcolor Info: Model `wave' substituted by `hsb' on input line 1373.
)
(/usr/local/texlive/2024/texmf-dist/tex/latex/enumitem/enumitem.sty
Package: enumitem 2019/06/20 v3.9 Customized lists
\labelindent=\skip52
\enit@outerparindent=\dimen151
\enit@toks=\toks22
\enit@inbox=\box53
\enit@count@id=\count199
\enitdp@description=\count266
)
(/usr/local/texlive/2024/texmf-dist/tex/generic/babel/babel.sty
Package: babel 2024/02/07 v24.2 The Babel package
\babel@savecnt=\count267
\U@D=\dimen152
\l@unhyphenated=\language89

(/usr/local/texlive/2024/texmf-dist/tex/generic/babel/txtbabel.def)
\bbl@readstream=\read2
\bbl@dirlevel=\count268

(/usr/local/texlive/2024/texmf-dist/tex/generic/babel-german/ngerman.ldf
Language: ngerman 2024/01/19 v2.14 German support for babel (post-1996 orthogra
phy)

(/usr/local/texlive/2024/texmf-dist/tex/generic/babel-german/ngermanb.ldf
Language: ngermanb 2024/01/19 v2.14 German support for babel (post-1996 orthogr
aphy)
Package babel Info: Making " an active character on input line 122.
)))
(/usr/local/texlive/2024/texmf-dist/tex/generic/babel/locale/de/babel-ngerman.t
ex
Package babel Info: Importing font and identification data for ngerman
(babel)             from babel-de.ini. Reported on input line 11.
) (/usr/local/texlive/2024/texmf-dist/tex/latex/framed/framed.sty
Package: framed 2011/10/22 v 0.96: framed or shaded text with page breaks
\OuterFrameSep=\skip53
\fb@frw=\dimen153
\fb@frh=\dimen154
\FrameRule=\dimen155
\FrameSep=\dimen156
)
(/usr/local/texlive/2024/texmf-dist/tex/latex/tex-gyre/tgbonum.sty
Package: tgbonum 2009/09/27 v1.2 TeX Gyre Bonum as default roman family

(/usr/local/texlive/2024/texmf-dist/tex/latex/kvoptions/kvoptions.sty
Package: kvoptions 2022-06-15 v3.15 Key value format for package options (HO)

(/usr/local/texlive/2024/texmf-dist/tex/generic/ltxcmds/ltxcmds.sty
Package: ltxcmds 2023-12-04 v1.26 LaTeX kernel commands for general use (HO)
)
(/usr/local/texlive/2024/texmf-dist/tex/latex/kvsetkeys/kvsetkeys.sty
Package: kvsetkeys 2022-10-05 v1.19 Key value parser (HO)
)))
LaTeX Font Info:    Trying to load font information for T1+qbk on input line 20
.

(/usr/local/texlive/2024/texmf-dist/tex/latex/tex-gyre/t1qbk.fd
File: t1qbk.fd 2009/09/25 v1.2 font definition file for T1/qbk
)
(/usr/local/texlive/2024/texmf-dist/tex/latex/l3backend/l3backend-dvips.def
File: l3backend-dvips.def 2024-02-20 L3 backend support: dvips
\l__pdf_internal_box=\box54
\g__pdf_backend_object_int=\count269
\l__pdf_backend_content_box=\box55
\l__pdf_backend_model_box=\box56
\g__pdf_backend_annotation_int=\count270
\g__pdf_backend_link_int=\count271
\g__pdf_backend_link_sf_int=\count272
)
No file Heftcheckkarte.aux.
\openout1 = `Heftcheckkarte.aux'.

LaTeX Font Info:    Checking defaults for OML/cmm/m/it on input line 20.
LaTeX Font Info:    ... okay on input line 20.
LaTeX Font Info:    Checking defaults for OMS/cmsy/m/n on input line 20.
LaTeX Font Info:    ... okay on input line 20.
LaTeX Font Info:    Checking defaults for OT1/cmr/m/n on input line 20.
LaTeX Font Info:    ... okay on input line 20.
LaTeX Font Info:    Checking defaults for T1/cmr/m/n on input line 20.
LaTeX Font Info:    ... okay on input line 20.
LaTeX Font Info:    Checking defaults for TS1/cmr/m/n on input line 20.
LaTeX Font Info:    ... okay on input line 20.
LaTeX Font Info:    Checking defaults for OMX/cmex/m/n on input line 20.
LaTeX Font Info:    ... okay on input line 20.
LaTeX Font Info:    Checking defaults for U/cmr/m/n on input line 20.
LaTeX Font Info:    ... okay on input line 20.
*geometry* driver: auto-detecting
*geometry* detected driver: dvips
*geometry* verbose mode - [ preamble ] result:
* driver: dvips
* paper: a4paper
* layout: <same size as paper>
* layoutoffset:(h,v)=(0.0pt,0.0pt)
* modes: 
* h-part:(L,W,R)=(28.45274pt, 540.60239pt, 28.45274pt)
* v-part:(T,H,B)=(28.45274pt, 788.14136pt, 28.45274pt)
* \paperwidth=597.50787pt
* \paperheight=845.04684pt
* \textwidth=540.60239pt
* \textheight=788.14136pt
* \oddsidemargin=-43.81725pt
* \evensidemargin=-43.81725pt
* \topmargin=-80.81725pt
* \headheight=12.0pt
* \headsep=25.0pt
* \topskip=12.0pt
* \footskip=30.0pt
* \marginparwidth=35.0pt
* \marginparsep=10.0pt
* \columnsep=10.0pt
* \skip\footins=10.8pt plus 4.0pt minus 2.0pt
* \hoffset=0.0pt
* \voffset=0.0pt
* \mag=1000
* \@twocolumnfalse
* \@twosidefalse
* \@mparswitchfalse
* \@reversemarginfalse
* (1in=72.27pt=25.4mm, 1cm=28.453pt)

*geometry* verbose mode - [ newgeometry ] result:
* driver: dvips
* paper: a4paper
* layout: <same size as paper>
* layoutoffset:(h,v)=(0.0pt,0.0pt)
* modes: 
* h-part:(L,W,R)=(14.22636pt, 569.05515pt, 14.22636pt)
* v-part:(T,H,B)=(14.22636pt, 816.59412pt, 14.22636pt)
* \paperwidth=597.50787pt
* \paperheight=845.04684pt
* \textwidth=569.05515pt
* \textheight=816.59412pt
* \oddsidemargin=-58.04362pt
* \evensidemargin=-58.04362pt
* \topmargin=-95.04362pt
* \headheight=12.0pt
* \headsep=25.0pt
* \topskip=12.0pt
* \footskip=30.0pt
* \marginparwidth=35.0pt
* \marginparsep=10.0pt
* \columnsep=10.0pt
* \skip\footins=10.8pt plus 4.0pt minus 2.0pt
* \hoffset=0.0pt
* \voffset=0.0pt
* \mag=1000
* \@twocolumnfalse
* \@twosidefalse
* \@mparswitchfalse
* \@reversemarginfalse
* (1in=72.27pt=25.4mm, 1cm=28.453pt)


! LaTeX Error: Unicode character ✅ (U+2705)
               not set up for use with LaTeX.

See the LaTeX manual or LaTeX Companion for explanation.
Type  H <return>  for immediate help.
 ...                                              
                                                  
l.27 ...iB-AKTE ZUM JUGENDARBEITSSCHUTZGESETZ ✅}
                                                  }
You may provide a definition with
\DeclareUnicodeCharacter 


! LaTeX Error: Unicode character ✅ (U+2705)
               not set up for use with LaTeX.

See the LaTeX manual or LaTeX Companion for explanation.
Type  H <return>  for immediate help.
 ...                                              
                                                  
l.27 ...iB-AKTE ZUM JUGENDARBEITSSCHUTZGESETZ ✅}
                                                  }
You may provide a definition with
\DeclareUnicodeCharacter 


Overfull \hbox (12.85396pt too wide) in paragraph at lines 29--30
[]\T1/qbk/m/n/12 Name: [] 
 []


! LaTeX Error: Unicode character 📄 (U+1F4C4)
               not set up for use with LaTeX.

See the LaTeX manual or LaTeX Companion for explanation.
Type  H <return>  for immediate help.
 ...                                              
                                                  
l.33                 \checkbox\ 📄
                                     AB 1: Tom (12 Jahre) - ausgefüllt\\
You may provide a definition with
\DeclareUnicodeCharacter 


! LaTeX Error: Unicode character 📄 (U+1F4C4)
               not set up for use with LaTeX.

See the LaTeX manual or LaTeX Companion for explanation.
Type  H <return>  for immediate help.
 ...                                              
                                                  
l.34                 \checkbox\ 📄
                                     AB 2: Lena (14 Jahre) - ausgefüllt\\
You may provide a definition with
\DeclareUnicodeCharacter 


! LaTeX Error: Unicode character 📄 (U+1F4C4)
               not set up for use with LaTeX.

See the LaTeX manual or LaTeX Companion for explanation.
Type  H <return>  for immediate help.
 ...                                              
                                                  
l.35                 \checkbox\ 📄
                                     AB 3: Max (16 Jahre) - ausgefüllt\\
You may provide a definition with
\DeclareUnicodeCharacter 


! LaTeX Error: Unicode character 📝 (U+1F4DD)
               not set up for use with LaTeX.

See the LaTeX manual or LaTeX Companion for explanation.
Type  H <return>  for immediate help.
 ...                                              
                                                  
l.36                 \checkbox\ 📝
                                     Hefteintrag mit Altersübersicht vollst...

You may provide a definition with
\DeclareUnicodeCharacter 


! LaTeX Error: Unicode character ❓ (U+2753)
               not set up for use with LaTeX.

See the LaTeX manual or LaTeX Companion for explanation.
Type  H <return>  for immediate help.
 ...                                              
                                                  
l.37                 \checkbox\ ❓
                                    Mindestens 3 Schutzgründe für Kinder n...

You may provide a definition with
\DeclareUnicodeCharacter 


! LaTeX Error: Unicode character ✍ (U+270D)
               not set up for use with LaTeX.

See the LaTeX manual or LaTeX Companion for explanation.
Type  H <return>  for immediate help.
 ...                                              
                                                  
l.38                 \checkbox\ ✍
                                   ️ Merksatz zum Jugendarbeitsschutzgesetz
You may provide a definition with
\DeclareUnicodeCharacter 


! LaTeX Error: Unicode character ️ (U+FE0F)
               not set up for use with LaTeX.

See the LaTeX manual or LaTeX Companion for explanation.
Type  H <return>  for immediate help.
 ...                                              
                                                  
l.38                 \checkbox\ ✍️
                                       Merksatz zum Jugendarbeitsschutzgesetz
You may provide a definition with
\DeclareUnicodeCharacter 

LaTeX Font Info:    Trying to load font information for TS1+qbk on input line 4
2.
(/usr/local/texlive/2024/texmf-dist/tex/latex/tex-gyre/ts1qbk.fd
File: ts1qbk.fd 2009/09/25 v1.2 font definition file for TS1/qbk
)

! LaTeX Error: Unicode character 👍 (U+1F44D)
               not set up for use with LaTeX.

See the LaTeX manual or LaTeX Companion for explanation.
Type  H <return>  for immediate help.
 ...                                              
                                                  
l.43 ...extit{Alles vollständig? → Super! 👍}
                                                  
You may provide a definition with
\DeclareUnicodeCharacter 

LaTeX Font Info:    External font `cmex10' loaded for size
(Font)              <12> on input line 45.
LaTeX Font Info:    External font `cmex10' loaded for size
(Font)              <8> on input line 45.
LaTeX Font Info:    External font `cmex10' loaded for size
(Font)              <6> on input line 45.

! LaTeX Error: Unicode character ✅ (U+2705)
               not set up for use with LaTeX.

See the LaTeX manual or LaTeX Companion for explanation.
Type  H <return>  for immediate help.
 ...                                              
                                                  
l.50 ...iB-AKTE ZUM JUGENDARBEITSSCHUTZGESETZ ✅}
                                                  }
You may provide a definition with
\DeclareUnicodeCharacter 


! LaTeX Error: Unicode character ✅ (U+2705)
               not set up for use with LaTeX.

See the LaTeX manual or LaTeX Companion for explanation.
Type  H <return>  for immediate help.
 ...                                              
                                                  
l.50 ...iB-AKTE ZUM JUGENDARBEITSSCHUTZGESETZ ✅}
                                                  }
You may provide a definition with
\DeclareUnicodeCharacter 


Overfull \hbox (12.85396pt too wide) in paragraph at lines 53--54
[][]\T1/qbk/m/n/12 Name: [] 
 []


! LaTeX Error: Unicode character 📄 (U+1F4C4)
               not set up for use with LaTeX.

See the LaTeX manual or LaTeX Companion for explanation.
Type  H <return>  for immediate help.
 ...                                              
                                                  
l.57                 \checkbox\ 📄
                                     AB 1: Tom (12 Jahre) - ausgefüllt\\
You may provide a definition with
\DeclareUnicodeCharacter 


! LaTeX Error: Unicode character 📄 (U+1F4C4)
               not set up for use with LaTeX.

See the LaTeX manual or LaTeX Companion for explanation.
Type  H <return>  for immediate help.
 ...                                              
                                                  
l.58                 \checkbox\ 📄
                                     AB 2: Lena (14 Jahre) - ausgefüllt\\
You may provide a definition with
\DeclareUnicodeCharacter 


! LaTeX Error: Unicode character 📄 (U+1F4C4)
               not set up for use with LaTeX.

See the LaTeX manual or LaTeX Companion for explanation.
Type  H <return>  for immediate help.
 ...                                              
                                                  
l.59                 \checkbox\ 📄
                                     AB 3: Max (16 Jahre) - ausgefüllt\\
You may provide a definition with
\DeclareUnicodeCharacter 


! LaTeX Error: Unicode character 📝 (U+1F4DD)
               not set up for use with LaTeX.

See the LaTeX manual or LaTeX Companion for explanation.
Type  H <return>  for immediate help.
 ...                                              
                                                  
l.60                 \checkbox\ 📝
                                     Hefteintrag mit Altersübersicht vollst...

You may provide a definition with
\DeclareUnicodeCharacter 


! LaTeX Error: Unicode character ❓ (U+2753)
               not set up for use with LaTeX.

See the LaTeX manual or LaTeX Companion for explanation.
Type  H <return>  for immediate help.
 ...                                              
                                                  
l.61                 \checkbox\ ❓
                                    Mindestens 3 Schutzgründe für Kinder n...

You may provide a definition with
\DeclareUnicodeCharacter 


! LaTeX Error: Unicode character ✍ (U+270D)
               not set up for use with LaTeX.

See the LaTeX manual or LaTeX Companion for explanation.
Type  H <return>  for immediate help.
 ...                                              
                                                  
l.62                 \checkbox\ ✍
                                   ️ Merksatz zum Jugendarbeitsschutzgesetz
You may provide a definition with
\DeclareUnicodeCharacter 


! LaTeX Error: Unicode character ️ (U+FE0F)
               not set up for use with LaTeX.

See the LaTeX manual or LaTeX Companion for explanation.
Type  H <return>  for immediate help.
 ...                                              
                                                  
l.62                 \checkbox\ ✍️
                                       Merksatz zum Jugendarbeitsschutzgesetz
You may provide a definition with
\DeclareUnicodeCharacter 


! LaTeX Error: Unicode character 👍 (U+1F44D)
               not set up for use with LaTeX.

See the LaTeX manual or LaTeX Companion for explanation.
Type  H <return>  for immediate help.
 ...                                              
                                                  
l.67 ...extit{Alles vollständig? → Super! 👍}
                                                  
You may provide a definition with
\DeclareUnicodeCharacter 


! LaTeX Error: Unicode character ✅ (U+2705)
               not set up for use with LaTeX.

See the LaTeX manual or LaTeX Companion for explanation.
Type  H <return>  for immediate help.
 ...                                              
                                                  
l.76 ...iB-AKTE ZUM JUGENDARBEITSSCHUTZGESETZ ✅}
                                                  }
You may provide a definition with
\DeclareUnicodeCharacter 


! LaTeX Error: Unicode character ✅ (U+2705)
               not set up for use with LaTeX.

See the LaTeX manual or LaTeX Companion for explanation.
Type  H <return>  for immediate help.
 ...                                              
                                                  
l.76 ...iB-AKTE ZUM JUGENDARBEITSSCHUTZGESETZ ✅}
                                                  }
You may provide a definition with
\DeclareUnicodeCharacter 


Overfull \hbox (12.85396pt too wide) in paragraph at lines 79--80
[][]\T1/qbk/m/n/12 Name: [] 
 []


! LaTeX Error: Unicode character 📄 (U+1F4C4)
               not set up for use with LaTeX.

See the LaTeX manual or LaTeX Companion for explanation.
Type  H <return>  for immediate help.
 ...                                              
                                                  
l.83                 \checkbox\ 📄
                                     AB 1: Tom (12 Jahre) - ausgefüllt\\
You may provide a definition with
\DeclareUnicodeCharacter 


! LaTeX Error: Unicode character 📄 (U+1F4C4)
               not set up for use with LaTeX.

See the LaTeX manual or LaTeX Companion for explanation.
Type  H <return>  for immediate help.
 ...                                              
                                                  
l.84                 \checkbox\ 📄
                                     AB 2: Lena (14 Jahre) - ausgefüllt\\
You may provide a definition with
\DeclareUnicodeCharacter 


! LaTeX Error: Unicode character 📄 (U+1F4C4)
               not set up for use with LaTeX.

See the LaTeX manual or LaTeX Companion for explanation.
Type  H <return>  for immediate help.
 ...                                              
                                                  
l.85                 \checkbox\ 📄
                                     AB 3: Max (16 Jahre) - ausgefüllt\\
You may provide a definition with
\DeclareUnicodeCharacter 


! LaTeX Error: Unicode character 📝 (U+1F4DD)
               not set up for use with LaTeX.

See the LaTeX manual or LaTeX Companion for explanation.
Type  H <return>  for immediate help.
 ...                                              
                                                  
l.86                 \checkbox\ 📝
                                     Hefteintrag mit Altersübersicht vollst...

You may provide a definition with
\DeclareUnicodeCharacter 


! LaTeX Error: Unicode character ❓ (U+2753)
               not set up for use with LaTeX.

See the LaTeX manual or LaTeX Companion for explanation.
Type  H <return>  for immediate help.
 ...                                              
                                                  
l.87                 \checkbox\ ❓
                                    Mindestens 3 Schutzgründe für Kinder n...

You may provide a definition with
\DeclareUnicodeCharacter 


! LaTeX Error: Unicode character ✍ (U+270D)
               not set up for use with LaTeX.

See the LaTeX manual or LaTeX Companion for explanation.
Type  H <return>  for immediate help.
 ...                                              
                                                  
l.88                 \checkbox\ ✍
                                   ️ Merksatz zum Jugendarbeitsschutzgesetz
You may provide a definition with
\DeclareUnicodeCharacter 


! LaTeX Error: Unicode character ️ (U+FE0F)
               not set up for use with LaTeX.

See the LaTeX manual or LaTeX Companion for explanation.
Type  H <return>  for immediate help.
 ...                                              
                                                  
l.88                 \checkbox\ ✍️
                                       Merksatz zum Jugendarbeitsschutzgesetz
You may provide a definition with
\DeclareUnicodeCharacter 


! LaTeX Error: Unicode character 👍 (U+1F44D)
               not set up for use with LaTeX.

See the LaTeX manual or LaTeX Companion for explanation.
Type  H <return>  for immediate help.
 ...                                              
                                                  
l.93 ...extit{Alles vollständig? → Super! 👍}
                                                  
You may provide a definition with
\DeclareUnicodeCharacter 


! LaTeX Error: Unicode character ✅ (U+2705)
               not set up for use with LaTeX.

See the LaTeX manual or LaTeX Companion for explanation.
Type  H <return>  for immediate help.
 ...                                              
                                                  
l.100 ...B-AKTE ZUM JUGENDARBEITSSCHUTZGESETZ ✅}
                                                  }
You may provide a definition with
\DeclareUnicodeCharacter 


! LaTeX Error: Unicode character ✅ (U+2705)
               not set up for use with LaTeX.

See the LaTeX manual or LaTeX Companion for explanation.
Type  H <return>  for immediate help.
 ...                                              
                                                  
l.100 ...B-AKTE ZUM JUGENDARBEITSSCHUTZGESETZ ✅}
                                                  }
You may provide a definition with
\DeclareUnicodeCharacter 


Overfull \hbox (12.85396pt too wide) in paragraph at lines 103--104
[][]\T1/qbk/m/n/12 Name: [] 
 []


! LaTeX Error: Unicode character 📄 (U+1F4C4)
               not set up for use with LaTeX.

See the LaTeX manual or LaTeX Companion for explanation.
Type  H <return>  for immediate help.
 ...                                              
                                                  
l.107                 \checkbox\ 📄
                                      AB 1: Tom (12 Jahre) - ausgefüllt\\
You may provide a definition with
\DeclareUnicodeCharacter 


! LaTeX Error: Unicode character 📄 (U+1F4C4)
               not set up for use with LaTeX.

See the LaTeX manual or LaTeX Companion for explanation.
Type  H <return>  for immediate help.
 ...                                              
                                                  
l.108                 \checkbox\ 📄
                                      AB 2: Lena (14 Jahre) - ausgefüllt\\
You may provide a definition with
\DeclareUnicodeCharacter 


! LaTeX Error: Unicode character 📄 (U+1F4C4)
               not set up for use with LaTeX.

See the LaTeX manual or LaTeX Companion for explanation.
Type  H <return>  for immediate help.
 ...                                              
                                                  
l.109                 \checkbox\ 📄
                                      AB 3: Max (16 Jahre) - ausgefüllt\\
You may provide a definition with
\DeclareUnicodeCharacter 


! LaTeX Error: Unicode character 📝 (U+1F4DD)
               not set up for use with LaTeX.

See the LaTeX manual or LaTeX Companion for explanation.
Type  H <return>  for immediate help.
 ...                                              
                                                  
l.110                 \checkbox\ 📝
                                      Hefteintrag mit Altersübersicht volls...

You may provide a definition with
\DeclareUnicodeCharacter 


! LaTeX Error: Unicode character ❓ (U+2753)
               not set up for use with LaTeX.

See the LaTeX manual or LaTeX Companion for explanation.
Type  H <return>  for immediate help.
 ...                                              
                                                  
l.111                 \checkbox\ ❓
                                     Mindestens 3 Schutzgründe für Kinder ...

You may provide a definition with
\DeclareUnicodeCharacter 


! LaTeX Error: Unicode character ✍ (U+270D)
               not set up for use with LaTeX.

See the LaTeX manual or LaTeX Companion for explanation.
Type  H <return>  for immediate help.
 ...                                              
                                                  
l.112                 \checkbox\ ✍
                                    ️ Merksatz zum Jugendarbeitsschutzgesetz
You may provide a definition with
\DeclareUnicodeCharacter 


! LaTeX Error: Unicode character ️ (U+FE0F)
               not set up for use with LaTeX.

See the LaTeX manual or LaTeX Companion for explanation.
Type  H <return>  for immediate help.
 ...                                              
                                                  
l.112                 \checkbox\ ✍️
                                        Merksatz zum Jugendarbeitsschutzgesetz
You may provide a definition with
\DeclareUnicodeCharacter 


! LaTeX Error: Unicode character 👍 (U+1F44D)
               not set up for use with LaTeX.

See the LaTeX manual or LaTeX Companion for explanation.
Type  H <return>  for immediate help.
 ...                                              
                                                  
l.117 ...xtit{Alles vollständig? → Super! 👍}
                                                  
You may provide a definition with
\DeclareUnicodeCharacter 

[1


] (./Heftcheckkarte.aux)
 ***********
LaTeX2e <2023-11-01> patch level 1
L3 programming layer <2024-02-20>
 ***********
 ) 
Here is how much of TeX's memory you used:
 3880 strings out of 474117
 64144 string characters out of 5743709
 1956184 words of memory out of 5000000
 26223 multiletter control sequences out of 15000+600000
 574569 words of font info for 51 fonts, out of 8000000 for 9000
 1141 hyphenation exceptions out of 8191
 57i,9n,65p,194b,328s stack positions out of 10000i,1000n,20000p,200000b,200000s

Output written on Heftcheckkarte.dvi (1 page, 6252 bytes).
